<?xml version="1.0" encoding="UTF-8"?>
<!-- Generated by org.testng.reporters.JUnitReportReporter -->
<testsuite skipped="0" hostname="L3TW3NQ2" name="Zendesk.Zendesk_Repo.TestCase" tests="4" failures="0" timestamp="07 Feb 2019 18:02:42 GMT" time="4.781" errors="0">
  <testcase name="getListOfTickets" time="1.017" classname="Zendesk.Zendesk_Repo.TestCase"/>
  <testcase name="createTickets" time="1.920" classname="Zendesk.Zendesk_Repo.TestCase"/>
  <testcase name="updateTicketStatus" time="0.843" classname="Zendesk.Zendesk_Repo.TestCase"/>
  <testcase name="deleteTicket" time="1.001" classname="Zendesk.Zendesk_Repo.TestCase"/>
</testsuite> <!-- Zendesk.Zendesk_Repo.TestCase -->
